2025-07-03 22:36:08,359 CRIT Supervisor is running as root.  Privileges were not dropped because no user is specified in the config file.  If you intend to run as root, you can set user=root in the config file to avoid this message.
2025-07-03 22:36:08,360 INFO supervisord started with pid 1
2025-07-03 22:36:09,366 INFO spawned: 'nginx' with pid 7
2025-07-03 22:36:09,368 INFO spawned: 'php-fpm' with pid 8
2025-07-03 22:36:09,370 INFO spawned: 'vite' with pid 9
2025-07-03 22:36:09,497 WARN exited: vite (exit status 127; not expected)
2025-07-03 22:36:10,501 INFO success: nginx entered RUNNING state, process has stayed up for > than 1 seconds (startsecs)
2025-07-03 22:36:10,501 INFO success: php-fpm entered RUNNING state, process has stayed up for > than 1 seconds (startsecs)
2025-07-03 22:36:10,503 INFO spawned: 'vite' with pid 35
2025-07-03 22:36:10,609 WARN exited: vite (exit status 127; not expected)
2025-07-03 22:36:12,621 INFO spawned: 'vite' with pid 47
2025-07-03 22:36:12,733 WARN exited: vite (exit status 127; not expected)
2025-07-03 22:36:15,751 INFO spawned: 'vite' with pid 59
2025-07-03 22:36:15,865 WARN exited: vite (exit status 127; not expected)
2025-07-03 22:36:16,870 INFO gave up: vite entered FATAL state, too many start retries too quickly
2025-07-03 22:36:42,990 INFO reaped unknown pid 327 (exit status 0)
2025-07-03 22:49:37,669 INFO reaped unknown pid 389 (exit status 0)
2025-07-03 23:10:47,800 INFO reaped unknown pid 458 (terminated by SIGINT)
2025-07-03 23:11:04,880 INFO reaped unknown pid 511 (exit status 0)
2025-07-03 23:13:08,476 WARN received SIGQUIT indicating exit request
2025-07-03 23:13:08,477 INFO waiting for nginx, php-fpm to die
2025-07-03 23:13:09,489 INFO stopped: php-fpm (exit status 0)
2025-07-03 23:13:09,492 INFO stopped: nginx (exit status 0)
2025-07-03 23:13:31,944 CRIT Supervisor is running as root.  Privileges were not dropped because no user is specified in the config file.  If you intend to run as root, you can set user=root in the config file to avoid this message.
2025-07-03 23:13:31,946 INFO supervisord started with pid 1
2025-07-03 23:13:32,952 INFO spawned: 'nginx' with pid 7
2025-07-03 23:13:32,954 INFO spawned: 'php-fpm' with pid 8
2025-07-03 23:13:32,955 INFO spawned: 'vite' with pid 9
2025-07-03 23:13:34,518 INFO success: nginx entered RUNNING state, process has stayed up for > than 1 seconds (startsecs)
2025-07-03 23:13:34,518 INFO success: php-fpm entered RUNNING state, process has stayed up for > than 1 seconds (startsecs)
2025-07-03 23:13:34,518 INFO success: vite entered RUNNING state, process has stayed up for > than 1 seconds (startsecs)
2025-07-03 23:15:00,431 INFO reaped unknown pid 103 (terminated by SIGINT)
2025-07-03 23:15:51,042 INFO reaped unknown pid 154 (terminated by SIGINT)
2025-07-03 23:21:47,350 INFO reaped unknown pid 184 (terminated by SIGINT)
2025-07-03 23:21:51,366 INFO reaped unknown pid 214 (exit status 0)
2025-07-03 23:26:19,947 INFO reaped unknown pid 252 (terminated by SIGINT)
2025-07-03 23:26:27,980 INFO reaped unknown pid 307 (terminated by SIGINT)
2025-07-03 23:28:06,909 INFO reaped unknown pid 336 (terminated by SIGINT)
2025-07-03 23:30:46,658 WARN received SIGQUIT indicating exit request
2025-07-03 23:30:46,659 INFO waiting for nginx, php-fpm, vite to die
2025-07-03 23:30:47,664 WARN stopped: vite (terminated by SIGTERM)
2025-07-03 23:30:47,677 INFO stopped: php-fpm (exit status 0)
2025-07-03 23:30:47,679 INFO stopped: nginx (exit status 0)
2025-07-03 23:31:08,285 CRIT Supervisor is running as root.  Privileges were not dropped because no user is specified in the config file.  If you intend to run as root, you can set user=root in the config file to avoid this message.
2025-07-03 23:31:08,286 INFO supervisord started with pid 1
2025-07-03 23:31:09,291 INFO spawned: 'nginx' with pid 7
2025-07-03 23:31:09,292 INFO spawned: 'php-fpm' with pid 8
2025-07-03 23:31:09,294 INFO spawned: 'vite' with pid 9
2025-07-03 23:31:10,724 INFO success: nginx entered RUNNING state, process has stayed up for > than 1 seconds (startsecs)
2025-07-03 23:31:10,724 INFO success: php-fpm entered RUNNING state, process has stayed up for > than 1 seconds (startsecs)
2025-07-03 23:31:10,724 INFO success: vite entered RUNNING state, process has stayed up for > than 1 seconds (startsecs)
2025-07-03 23:33:59,957 INFO reaped unknown pid 81 (terminated by SIGINT)
2025-07-03 23:34:05,984 WARN received SIGQUIT indicating exit request
2025-07-03 23:34:05,984 INFO waiting for nginx, php-fpm, vite to die
2025-07-03 23:34:06,990 WARN stopped: vite (terminated by SIGTERM)
2025-07-03 23:34:07,002 INFO stopped: php-fpm (exit status 0)
2025-07-03 23:34:07,005 INFO stopped: nginx (exit status 0)
2025-07-03 23:34:07,987 CRIT Supervisor is running as root.  Privileges were not dropped because no user is specified in the config file.  If you intend to run as root, you can set user=root in the config file to avoid this message.
2025-07-03 23:34:07,988 INFO supervisord started with pid 1
2025-07-03 23:34:08,996 INFO spawned: 'nginx' with pid 7
2025-07-03 23:34:08,998 INFO spawned: 'php-fpm' with pid 8
2025-07-03 23:34:09,000 INFO spawned: 'vite' with pid 9
2025-07-03 23:34:10,450 INFO success: nginx entered RUNNING state, process has stayed up for > than 1 seconds (startsecs)
2025-07-03 23:34:10,450 INFO success: php-fpm entered RUNNING state, process has stayed up for > than 1 seconds (startsecs)
2025-07-03 23:34:10,450 INFO success: vite entered RUNNING state, process has stayed up for > than 1 seconds (startsecs)
2025-07-03 23:34:15,472 INFO reaped unknown pid 81 (exit status 0)
2025-07-03 23:36:04,969 INFO reaped unknown pid 113 (exit status 0)
2025-07-03 23:37:55,490 WARN received SIGQUIT indicating exit request
2025-07-03 23:37:55,490 INFO waiting for nginx, php-fpm, vite to die
2025-07-03 23:37:56,496 WARN stopped: vite (terminated by SIGTERM)
2025-07-03 23:37:56,508 INFO stopped: php-fpm (exit status 0)
2025-07-03 23:37:56,511 INFO stopped: nginx (exit status 0)
2025-07-03 23:38:31,063 CRIT Supervisor is running as root.  Privileges were not dropped because no user is specified in the config file.  If you intend to run as root, you can set user=root in the config file to avoid this message.
2025-07-03 23:38:31,065 INFO supervisord started with pid 1
2025-07-03 23:38:32,073 INFO spawned: 'nginx' with pid 7
2025-07-03 23:38:32,075 INFO spawned: 'php-fpm' with pid 8
2025-07-03 23:38:32,077 INFO spawned: 'vite' with pid 9
2025-07-03 23:38:33,505 INFO success: nginx entered RUNNING state, process has stayed up for > than 1 seconds (startsecs)
2025-07-03 23:38:33,506 INFO success: php-fpm entered RUNNING state, process has stayed up for > than 1 seconds (startsecs)
2025-07-03 23:38:33,506 INFO success: vite entered RUNNING state, process has stayed up for > than 1 seconds (startsecs)
2025-07-03 23:38:41,544 INFO reaped unknown pid 82 (exit status 0)
2025-07-03 23:39:38,807 INFO reaped unknown pid 117 (exit status 0)
2025-07-03 23:42:39,673 INFO reaped unknown pid 190 (exit status 0)
2025-07-03 23:42:56,753 INFO reaped unknown pid 219 (exit status 0)
2025-07-03 23:43:10,815 INFO reaped unknown pid 248 (exit status 0)
2025-07-03 23:43:11,816 INFO reaped unknown pid 286 (exit status 0)
2025-07-03 23:44:54,286 WARN received SIGQUIT indicating exit request
2025-07-03 23:44:54,286 INFO waiting for nginx, php-fpm, vite to die
2025-07-03 23:44:55,292 WARN stopped: vite (terminated by SIGTERM)
2025-07-03 23:44:55,299 INFO stopped: php-fpm (exit status 0)
2025-07-03 23:44:55,302 INFO stopped: nginx (exit status 0)
2025-07-03 23:45:15,494 CRIT Supervisor is running as root.  Privileges were not dropped because no user is specified in the config file.  If you intend to run as root, you can set user=root in the config file to avoid this message.
2025-07-03 23:45:15,496 INFO supervisord started with pid 1
2025-07-03 23:45:16,503 INFO spawned: 'nginx' with pid 7
2025-07-03 23:45:16,505 INFO spawned: 'php-fpm' with pid 8
2025-07-03 23:45:17,556 INFO success: nginx entered RUNNING state, process has stayed up for > than 1 seconds (startsecs)
2025-07-03 23:45:17,556 INFO success: php-fpm entered RUNNING state, process has stayed up for > than 1 seconds (startsecs)
2025-07-03 23:47:04,496 INFO reaped unknown pid 52 (terminated by SIGINT)
2025-07-03 23:47:06,503 WARN received SIGQUIT indicating exit request
2025-07-03 23:47:06,503 INFO waiting for nginx, php-fpm to die
2025-07-03 23:47:06,515 INFO stopped: php-fpm (exit status 0)
2025-07-03 23:47:06,518 INFO stopped: nginx (exit status 0)
2025-07-03 23:47:29,397 CRIT Supervisor is running as root.  Privileges were not dropped because no user is specified in the config file.  If you intend to run as root, you can set user=root in the config file to avoid this message.
2025-07-03 23:47:29,400 INFO supervisord started with pid 1
2025-07-03 23:47:30,406 INFO spawned: 'nginx' with pid 8
2025-07-03 23:47:30,408 INFO spawned: 'php-fpm' with pid 9
2025-07-03 23:47:31,460 INFO success: nginx entered RUNNING state, process has stayed up for > than 1 seconds (startsecs)
2025-07-03 23:47:31,460 INFO success: php-fpm entered RUNNING state, process has stayed up for > than 1 seconds (startsecs)
2025-07-04 00:09:24,780 INFO reaped unknown pid 53 (terminated by SIGINT)
2025-07-04 00:10:43,174 INFO reaped unknown pid 92 (terminated by SIGINT)
2025-07-04 00:12:44,156 INFO reaped unknown pid 123 (terminated by SIGINT)
2025-07-04 00:15:07,304 INFO reaped unknown pid 156 (terminated by SIGINT)
2025-07-04 00:16:46,720 INFO reaped unknown pid 187 (terminated by SIGINT)
2025-07-04 00:18:19,519 INFO reaped unknown pid 218 (terminated by SIGINT)
2025-07-04 00:23:20,924 INFO reaped unknown pid 250 (terminated by SIGINT)
2025-07-04 00:26:49,831 INFO reaped unknown pid 283 (terminated by SIGINT)
2025-07-04 00:27:47,807 INFO reaped unknown pid 314 (terminated by SIGINT)
2025-07-04 00:38:12,940 INFO reaped unknown pid 343 (terminated by SIGINT)
2025-07-04 03:13:46,092 INFO reaped unknown pid 374 (terminated by SIGINT)
2025-07-04 03:13:50,112 WARN received SIGQUIT indicating exit request
2025-07-04 03:13:50,112 INFO waiting for nginx, php-fpm to die
2025-07-04 03:13:50,124 INFO stopped: php-fpm (exit status 0)
2025-07-04 03:13:50,127 INFO stopped: nginx (exit status 0)
2025-07-04 03:16:37,805 CRIT Supervisor is running as root.  Privileges were not dropped because no user is specified in the config file.  If you intend to run as root, you can set user=root in the config file to avoid this message.
2025-07-04 03:16:37,807 INFO supervisord started with pid 1
2025-07-04 03:16:38,814 INFO spawned: 'nginx' with pid 7
2025-07-04 03:16:38,816 INFO spawned: 'php-fpm' with pid 8
2025-07-04 03:16:39,867 INFO success: nginx entered RUNNING state, process has stayed up for > than 1 seconds (startsecs)
2025-07-04 03:16:39,868 INFO success: php-fpm entered RUNNING state, process has stayed up for > than 1 seconds (startsecs)
2025-07-04 03:21:50,003 INFO reaped unknown pid 58 (terminated by SIGINT)
2025-07-04 18:53:17,139 WARN received SIGQUIT indicating exit request
2025-07-04 18:53:17,139 INFO waiting for nginx, php-fpm to die
2025-07-04 18:53:17,150 INFO stopped: php-fpm (exit status 0)
2025-07-04 18:53:17,153 INFO stopped: nginx (exit status 0)
2025-07-04 18:53:36,630 CRIT Supervisor is running as root.  Privileges were not dropped because no user is specified in the config file.  If you intend to run as root, you can set user=root in the config file to avoid this message.
2025-07-04 18:53:36,631 INFO supervisord started with pid 1
2025-07-04 18:53:37,638 INFO spawned: 'nginx' with pid 7
2025-07-04 18:53:37,641 INFO spawned: 'php-fpm' with pid 8
2025-07-04 18:53:38,693 INFO success: nginx entered RUNNING state, process has stayed up for > than 1 seconds (startsecs)
2025-07-04 18:53:38,693 INFO success: php-fpm entered RUNNING state, process has stayed up for > than 1 seconds (startsecs)
